<?xml version="1.0" encoding="UTF-8"?><testsuite errors="0" failures="1" name="Se desea verificar la creación masiva de productos y ofertas dentro de Octopia" skipped="2" tests="3" time="78.95" timestamp="2024-02-09 03:19:35"><testcase name="Creación masiva productos y ofertas"><failure message="&#10;Expected: an element that is visible&#10;     but: no matching element found by [[ChromeDriver: chrome on linux (37192cd38c9accf50f2c0f6f8c8bcaa4)] -&gt; xpath: //div[@class='modal-content']//p[contains(text(),'La oferta se publica con éxito.')]]" type="java.lang.AssertionError">
Expected: an element that is visible
     but: no matching element found by [[ChromeDriver: chrome on linux (37192cd38c9accf50f2c0f6f8c8bcaa4)] -&gt; xpath: //div[@class='modal-content']//p[contains(text(),'La oferta se publica con éxito.')]]</failure><system-err>
Expected: an element that is visible
     but: no matching element found by [[ChromeDriver: chrome on linux (37192cd38c9accf50f2c0f6f8c8bcaa4)] -&gt; xpath: //div[@class='modal-content']//p[contains(text(),'La oferta se publica con éxito.')]]
co.com.grupoexito.octopia.tasks.CrearOferta.performAs(CrearOferta.java:33)
co.com.grupoexito.octopia.tasks.CrearOfertaMasiva.performAs(CrearOfertaMasiva.java:38)
co.com.grupoexito.octopia.stepDefinitions.CreacionMasiva.el_usuario_cargue_los_archivos_de_productos_y_ofertas_dentro_del_portal_vendedor(CreacionMasiva.java:96)
io.cucumber.java.Invoker.doInvoke(Invoker.java:66)
io.cucumber.java.Invoker.invoke(Invoker.java:24)
io.cucumber.java.AbstractGlueDefinition.invokeMethod(AbstractGlueDefinition.java:47)
io.cucumber.java.JavaStepDefinition.execute(JavaStepDefinition.java:29)
io.cucumber.core.runner.CoreStepDefinition.execute(CoreStepDefinition.java:66)
io.cucumber.core.runner.PickleStepDefinitionMatch.runStep(PickleStepDefinitionMatch.java:63)
io.cucumber.core.runner.TestStep.executeStep(TestStep.java:84)
io.cucumber.core.runner.TestStep.run(TestStep.java:56)
io.cucumber.core.runner.PickleStepTestStep.run(PickleStepTestStep.java:51)
io.cucumber.core.runner.TestCase.run(TestCase.java:84)
io.cucumber.core.runner.Runner.runPickle(Runner.java:75)
io.cucumber.core.runtime.CucumberExecutionContext.lambda$runTestCase$5(CucumberExecutionContext.java:130)
io.cucumber.core.runtime.RethrowingThrowableCollector.executeAndThrow(RethrowingThrowableCollector.java:23)
io.cucumber.core.runtime.CucumberExecutionContext.runTestCase(CucumberExecutionContext.java:130)
io.cucumber.junit.FeatureRunner.runChild(FeatureRunner.java:144)
io.cucumber.junit.FeatureRunner.runChild(FeatureRunner.java:28)
io.cucumber.junit.FeatureRunner.run(FeatureRunner.java:137)
io.cucumber.junit.CucumberSerenityRunner.runChild(CucumberSerenityRunner.java:259)
io.cucumber.junit.CucumberSerenityRunner.runChild(CucumberSerenityRunner.java:59)
worker.org.gradle.process.internal.worker.GradleWorkerMain.run(GradleWorkerMain.java:69)
worker.org.gradle.process.internal.worker.GradleWorkerMain.main(GradleWorkerMain.java:74)
</system-err></testcase></testsuite>